2025-09-27 14:38:48,009 - INFO - Logging Initialized
2025-09-27 14:40:20,094 - INFO - Logging Initialized
2025-09-27 14:41:34,673 - INFO - Logging Initialized
2025-09-27 14:41:43,064 - INFO - Starting load for saas-pipeline.raw_src.customers | 5 rows 
2025-09-27 14:41:43,065 - ERROR - Failed to load customers after  0.00 sec: This method requires pyarrow to be installed
Traceback (most recent call last):
  File "D:\Resume\dbt\SRC_Analytics\src_analytics\load\load_to_bq.py", line 58, in load_to_biquery
    job = client.load_table_from_dataframe(df, table_id, job_config = job_config)
  File "C:\Users\jugal\AppData\Local\Packages\PythonSoftwareFoundation.Python.3.13_qbz5n2kfra8p0\LocalCache\local-packages\Python313\site-packages\google\cloud\bigquery\client.py", line 2831, in load_table_from_dataframe
    raise ValueError("This method requires pyarrow to be installed")
ValueError: This method requires pyarrow to be installed
2025-09-27 14:42:29,326 - INFO - Logging Initialized
2025-09-27 14:42:37,406 - INFO - Starting load for saas-pipeline.raw_src.customers | 5 rows 
2025-09-27 14:42:42,400 - INFO - Loaded 5 rows into saas-pipeline.raw_src.customers |Duration:  4.99 sec
2025-09-27 14:42:46,028 - INFO - Starting load for saas-pipeline.raw_src.subscriptions | 6 rows 
2025-09-27 14:42:48,424 - INFO - Loaded 6 rows into saas-pipeline.raw_src.subscriptions |Duration:  2.40 sec
2025-09-27 14:42:48,595 - INFO - Starting load for saas-pipeline.raw_src.subscription_discounts | 2 rows 
2025-09-27 14:42:50,777 - INFO - Loaded 2 rows into saas-pipeline.raw_src.subscription_discounts |Duration:  2.18 sec
2025-09-27 14:42:50,930 - INFO - Starting load for saas-pipeline.raw_src.invoices | 47 rows 
2025-09-27 14:42:53,053 - INFO - Loaded 47 rows into saas-pipeline.raw_src.invoices |Duration:  2.12 sec
2025-09-27 14:42:53,207 - INFO - Starting load for saas-pipeline.raw_src.line_items | 48 rows 
2025-09-27 14:42:55,716 - INFO - Loaded 48 rows into saas-pipeline.raw_src.line_items |Duration:  2.51 sec
2025-09-27 14:42:55,911 - INFO - Starting load for saas-pipeline.raw_src.payments | 47 rows 
2025-09-27 14:42:55,915 - ERROR - Failed to load payments after  0.00 sec: bq_schema contains fields not present in dataframe: {'payment_status'}
Traceback (most recent call last):
  File "D:\Resume\dbt\SRC_Analytics\src_analytics\load\load_to_bq.py", line 58, in load_to_biquery
    job = client.load_table_from_dataframe(df, table_id, job_config = job_config)
  File "C:\Users\jugal\AppData\Local\Packages\PythonSoftwareFoundation.Python.3.13_qbz5n2kfra8p0\LocalCache\local-packages\Python313\site-packages\google\cloud\bigquery\client.py", line 2866, in load_table_from_dataframe
    new_job_config.schema = _pandas_helpers.dataframe_to_bq_schema(
                            ~~~~~~~~~~~~~~~~~~~~~~~~~~~~~~~~~~~~~~^
        dataframe, new_job_config.schema
        ^^^^^^^^^^^^^^^^^^^^^^^^^^^^^^^^
    )
    ^
  File "C:\Users\jugal\AppData\Local\Packages\PythonSoftwareFoundation.Python.3.13_qbz5n2kfra8p0\LocalCache\local-packages\Python313\site-packages\google\cloud\bigquery\_pandas_helpers.py", line 541, in dataframe_to_bq_schema
    raise ValueError(
    ...<3 lines>...
    )
ValueError: bq_schema contains fields not present in dataframe: {'payment_status'}
2025-09-27 14:48:39,609 - INFO - Logging Initialized
2025-09-27 14:48:48,443 - INFO - Starting load for saas-pipeline.raw_src.customers | 5 rows 
2025-09-27 14:48:51,293 - INFO - Loaded 5 rows into saas-pipeline.raw_src.customers |Duration:  2.85 sec
2025-09-27 14:48:54,166 - INFO - Starting load for saas-pipeline.raw_src.subscriptions | 7 rows 
2025-09-27 14:48:57,432 - INFO - Loaded 7 rows into saas-pipeline.raw_src.subscriptions |Duration:  3.27 sec
2025-09-27 14:48:57,549 - INFO - Starting load for saas-pipeline.raw_src.subscription_discounts | 3 rows 
2025-09-27 14:49:00,240 - INFO - Loaded 3 rows into saas-pipeline.raw_src.subscription_discounts |Duration:  2.69 sec
2025-09-27 14:49:00,411 - INFO - Starting load for saas-pipeline.raw_src.invoices | 62 rows 
2025-09-27 14:49:03,259 - INFO - Loaded 62 rows into saas-pipeline.raw_src.invoices |Duration:  2.85 sec
2025-09-27 14:49:03,418 - INFO - Starting load for saas-pipeline.raw_src.line_items | 65 rows 
2025-09-27 14:49:07,114 - INFO - Loaded 65 rows into saas-pipeline.raw_src.line_items |Duration:  3.70 sec
2025-09-27 14:49:07,304 - INFO - Starting load for saas-pipeline.raw_src.payments | 62 rows 
2025-09-27 14:49:07,307 - ERROR - Failed to load payments after  0.00 sec: bq_schema contains fields not present in dataframe: {'payment_status'}
Traceback (most recent call last):
  File "D:\Resume\dbt\SRC_Analytics\src_analytics\load\load_to_bq.py", line 58, in load_to_biquery
    job = client.load_table_from_dataframe(df, table_id, job_config = job_config)
  File "C:\Users\jugal\AppData\Local\Packages\PythonSoftwareFoundation.Python.3.13_qbz5n2kfra8p0\LocalCache\local-packages\Python313\site-packages\google\cloud\bigquery\client.py", line 2866, in load_table_from_dataframe
    new_job_config.schema = _pandas_helpers.dataframe_to_bq_schema(
                            ~~~~~~~~~~~~~~~~~~~~~~~~~~~~~~~~~~~~~~^
        dataframe, new_job_config.schema
        ^^^^^^^^^^^^^^^^^^^^^^^^^^^^^^^^
    )
    ^
  File "C:\Users\jugal\AppData\Local\Packages\PythonSoftwareFoundation.Python.3.13_qbz5n2kfra8p0\LocalCache\local-packages\Python313\site-packages\google\cloud\bigquery\_pandas_helpers.py", line 541, in dataframe_to_bq_schema
    raise ValueError(
    ...<3 lines>...
    )
ValueError: bq_schema contains fields not present in dataframe: {'payment_status'}
2025-09-27 14:49:42,507 - INFO - Logging Initialized
2025-09-27 14:49:51,395 - INFO - Starting load for saas-pipeline.raw_src.customers | 5 rows 
2025-09-27 14:49:54,321 - INFO - Loaded 5 rows into saas-pipeline.raw_src.customers |Duration:  2.93 sec
2025-09-27 14:49:56,971 - INFO - Starting load for saas-pipeline.raw_src.subscriptions | 6 rows 
2025-09-27 14:49:59,766 - INFO - Loaded 6 rows into saas-pipeline.raw_src.subscriptions |Duration:  2.79 sec
2025-09-27 14:49:59,877 - INFO - Starting load for saas-pipeline.raw_src.subscription_discounts | 2 rows 
2025-09-27 14:50:02,309 - INFO - Loaded 2 rows into saas-pipeline.raw_src.subscription_discounts |Duration:  2.43 sec
2025-09-27 14:50:02,459 - INFO - Starting load for saas-pipeline.raw_src.invoices | 63 rows 
2025-09-27 14:50:05,947 - INFO - Loaded 63 rows into saas-pipeline.raw_src.invoices |Duration:  3.49 sec
2025-09-27 14:50:06,104 - INFO - Starting load for saas-pipeline.raw_src.line_items | 63 rows 
2025-09-27 14:50:08,957 - INFO - Loaded 63 rows into saas-pipeline.raw_src.line_items |Duration:  2.85 sec
2025-09-27 14:50:09,055 - INFO - Starting load for saas-pipeline.raw_src.payments | 63 rows 
2025-09-27 14:50:09,059 - ERROR - Failed to load payments after  0.00 sec: bq_schema contains fields not present in dataframe: {'payment_status'}
Traceback (most recent call last):
  File "D:\Resume\dbt\SRC_Analytics\src_analytics\load\load_to_bq.py", line 58, in load_to_biquery
    job = client.load_table_from_dataframe(df, table_id, job_config = job_config)
  File "C:\Users\jugal\AppData\Local\Packages\PythonSoftwareFoundation.Python.3.13_qbz5n2kfra8p0\LocalCache\local-packages\Python313\site-packages\google\cloud\bigquery\client.py", line 2866, in load_table_from_dataframe
    new_job_config.schema = _pandas_helpers.dataframe_to_bq_schema(
                            ~~~~~~~~~~~~~~~~~~~~~~~~~~~~~~~~~~~~~~^
        dataframe, new_job_config.schema
        ^^^^^^^^^^^^^^^^^^^^^^^^^^^^^^^^
    )
    ^
  File "C:\Users\jugal\AppData\Local\Packages\PythonSoftwareFoundation.Python.3.13_qbz5n2kfra8p0\LocalCache\local-packages\Python313\site-packages\google\cloud\bigquery\_pandas_helpers.py", line 541, in dataframe_to_bq_schema
    raise ValueError(
    ...<3 lines>...
    )
ValueError: bq_schema contains fields not present in dataframe: {'payment_status'}
2025-09-27 14:51:08,600 - INFO - Logging Initialized
2025-09-27 14:51:16,498 - INFO - Starting load for saas-pipeline.raw_src.customers | 5 rows 
2025-09-27 14:51:19,330 - INFO - Loaded 5 rows into saas-pipeline.raw_src.customers |Duration:  2.83 sec
2025-09-27 14:51:22,563 - INFO - Starting load for saas-pipeline.raw_src.subscriptions | 7 rows 
2025-09-27 14:51:25,440 - INFO - Loaded 7 rows into saas-pipeline.raw_src.subscriptions |Duration:  2.88 sec
2025-09-27 14:51:25,572 - INFO - Starting load for saas-pipeline.raw_src.subscription_discounts | 3 rows 
2025-09-27 14:51:28,544 - INFO - Loaded 3 rows into saas-pipeline.raw_src.subscription_discounts |Duration:  2.97 sec
2025-09-27 14:51:28,679 - INFO - Starting load for saas-pipeline.raw_src.invoices | 30 rows 
2025-09-27 14:51:31,083 - INFO - Loaded 30 rows into saas-pipeline.raw_src.invoices |Duration:  2.40 sec
2025-09-27 14:51:31,222 - INFO - Starting load for saas-pipeline.raw_src.line_items | 32 rows 
2025-09-27 14:51:34,002 - INFO - Loaded 32 rows into saas-pipeline.raw_src.line_items |Duration:  2.78 sec
2025-09-27 14:51:34,144 - INFO - Starting load for saas-pipeline.raw_src.payments | 30 rows 
2025-09-27 14:51:34,148 - ERROR - Failed to load payments after  0.00 sec: bq_schema contains fields not present in dataframe: {'payment_status'}
Traceback (most recent call last):
  File "D:\Resume\dbt\SRC_Analytics\src_analytics\load\load_to_bq.py", line 58, in load_to_biquery
    job = client.load_table_from_dataframe(df, table_id, job_config = job_config)
  File "C:\Users\jugal\AppData\Local\Packages\PythonSoftwareFoundation.Python.3.13_qbz5n2kfra8p0\LocalCache\local-packages\Python313\site-packages\google\cloud\bigquery\client.py", line 2866, in load_table_from_dataframe
    new_job_config.schema = _pandas_helpers.dataframe_to_bq_schema(
                            ~~~~~~~~~~~~~~~~~~~~~~~~~~~~~~~~~~~~~~^
        dataframe, new_job_config.schema
        ^^^^^^^^^^^^^^^^^^^^^^^^^^^^^^^^
    )
    ^
  File "C:\Users\jugal\AppData\Local\Packages\PythonSoftwareFoundation.Python.3.13_qbz5n2kfra8p0\LocalCache\local-packages\Python313\site-packages\google\cloud\bigquery\_pandas_helpers.py", line 541, in dataframe_to_bq_schema
    raise ValueError(
    ...<3 lines>...
    )
ValueError: bq_schema contains fields not present in dataframe: {'payment_status'}
2025-09-27 14:54:48,333 - INFO - Logging Initialized
2025-09-27 14:58:55,665 - INFO - Logging Initialized
2025-09-27 15:02:51,661 - INFO - Logging Initialized
2025-09-27 15:04:41,050 - INFO - Logging Initialized
2025-09-27 15:10:12,390 - INFO - Logging Initialized
2025-09-30 10:45:57,889 - INFO - Logging Initialized
2025-09-30 10:58:27,903 - INFO - Logging Initialized
2025-09-30 10:58:35,338 - INFO - Starting load for saas-pipeline.raw_src.customers | 5 rows 
2025-09-30 10:58:39,845 - INFO - Loaded 5 rows into saas-pipeline.raw_src.customers |Duration:  4.51 sec
2025-09-30 10:58:43,719 - INFO - Starting load for saas-pipeline.raw_src.subscriptions | 7 rows 
2025-09-30 10:58:46,892 - INFO - Loaded 7 rows into saas-pipeline.raw_src.subscriptions |Duration:  3.17 sec
2025-09-30 10:58:46,893 - INFO - Starting load for saas-pipeline.raw_src.subscription_discounts | 4 rows 
2025-09-30 10:58:49,731 - INFO - Loaded 4 rows into saas-pipeline.raw_src.subscription_discounts |Duration:  2.84 sec
2025-09-30 10:58:49,732 - INFO - Starting load for saas-pipeline.raw_src.invoices | 76 rows 
2025-09-30 10:58:52,284 - INFO - Loaded 76 rows into saas-pipeline.raw_src.invoices |Duration:  2.55 sec
2025-09-30 10:58:52,284 - INFO - Starting load for saas-pipeline.raw_src.line_items | 80 rows 
2025-09-30 10:58:55,448 - INFO - Loaded 80 rows into saas-pipeline.raw_src.line_items |Duration:  3.16 sec
2025-09-30 10:58:55,449 - INFO - Starting load for saas-pipeline.raw_src.payments | 76 rows 
2025-09-30 10:58:58,902 - INFO - Loaded 76 rows into saas-pipeline.raw_src.payments |Duration:  3.45 sec
2025-09-30 11:07:45,337 - INFO - Logging Initialized
2025-09-30 11:07:52,450 - INFO - Starting load for saas-pipeline.raw_src.customers | 5 rows 
2025-09-30 11:07:57,326 - INFO - Loaded 5 rows into saas-pipeline.raw_src.customers |Duration:  4.88 sec
2025-09-30 11:07:59,966 - INFO - Starting load for saas-pipeline.raw_src.subscriptions | 8 rows 
2025-09-30 11:08:03,597 - INFO - Loaded 8 rows into saas-pipeline.raw_src.subscriptions |Duration:  3.63 sec
2025-09-30 11:08:03,597 - INFO - Starting load for saas-pipeline.raw_src.subscription_discounts | 3 rows 
2025-09-30 11:08:08,353 - INFO - Loaded 3 rows into saas-pipeline.raw_src.subscription_discounts |Duration:  4.76 sec
2025-09-30 11:08:08,354 - INFO - Starting load for saas-pipeline.raw_src.invoices | 97 rows 
2025-09-30 11:08:13,195 - INFO - Loaded 97 rows into saas-pipeline.raw_src.invoices |Duration:  4.84 sec
2025-09-30 11:08:13,196 - INFO - Starting load for saas-pipeline.raw_src.line_items | 100 rows 
2025-09-30 11:08:17,775 - INFO - Loaded 100 rows into saas-pipeline.raw_src.line_items |Duration:  4.58 sec
2025-09-30 11:08:17,775 - INFO - Starting load for saas-pipeline.raw_src.payments | 97 rows 
2025-09-30 11:08:20,407 - INFO - Loaded 97 rows into saas-pipeline.raw_src.payments |Duration:  2.63 sec
2025-10-01 11:17:47,647 - INFO - Logging Initialized
2025-10-01 11:17:54,023 - INFO - Starting load for saas-pipeline.raw_src.customers | 5 rows 
2025-10-01 11:17:58,373 - INFO - Loaded 5 rows into saas-pipeline.raw_src.customers |Duration:  4.35 sec
2025-10-01 11:18:01,847 - INFO - Starting load for saas-pipeline.raw_src.subscriptions | 6 rows 
2025-10-01 11:18:04,788 - INFO - Loaded 6 rows into saas-pipeline.raw_src.subscriptions |Duration:  2.94 sec
2025-10-01 11:18:04,788 - INFO - Starting load for saas-pipeline.raw_src.subscription_discounts | 3 rows 
2025-10-01 11:18:08,342 - INFO - Loaded 3 rows into saas-pipeline.raw_src.subscription_discounts |Duration:  3.55 sec
2025-10-01 11:18:08,343 - INFO - Starting load for saas-pipeline.raw_src.invoices | 39 rows 
2025-10-01 11:18:12,283 - INFO - Loaded 39 rows into saas-pipeline.raw_src.invoices |Duration:  3.94 sec
2025-10-01 11:18:12,284 - INFO - Starting load for saas-pipeline.raw_src.line_items | 42 rows 
2025-10-01 11:18:15,858 - INFO - Loaded 42 rows into saas-pipeline.raw_src.line_items |Duration:  3.57 sec
2025-10-01 11:18:15,858 - INFO - Starting load for saas-pipeline.raw_src.payments | 51 rows 
2025-10-01 11:18:19,419 - INFO - Loaded 51 rows into saas-pipeline.raw_src.payments |Duration:  3.56 sec
2025-10-18 16:22:17,676 - INFO - Logging Initialized
2025-10-18 16:28:56,366 - INFO - Logging Initialized
2025-10-18 16:29:01,430 - INFO - Starting load for saas-pipeline.raw_src.customers | 5 rows 
2025-10-18 16:29:05,107 - INFO - Loaded 5 rows into saas-pipeline.raw_src.customers |Duration:  3.68 sec
2025-10-18 16:29:07,754 - INFO - Starting load for saas-pipeline.raw_src.subscriptions | 6 rows 
2025-10-18 16:29:11,039 - INFO - Loaded 6 rows into saas-pipeline.raw_src.subscriptions |Duration:  3.29 sec
2025-10-18 16:29:11,039 - INFO - Starting load for saas-pipeline.raw_src.subscription_discounts | 1 rows 
2025-10-18 16:29:14,376 - INFO - Loaded 1 rows into saas-pipeline.raw_src.subscription_discounts |Duration:  3.34 sec
2025-10-18 16:29:14,376 - INFO - Starting load for saas-pipeline.raw_src.invoices | 64 rows 
2025-10-18 16:29:17,330 - INFO - Loaded 64 rows into saas-pipeline.raw_src.invoices |Duration:  2.95 sec
2025-10-18 16:29:17,330 - INFO - Starting load for saas-pipeline.raw_src.line_items | 44 rows 
2025-10-18 16:29:20,028 - INFO - Loaded 44 rows into saas-pipeline.raw_src.line_items |Duration:  2.70 sec
2025-10-18 16:29:20,028 - INFO - Starting load for saas-pipeline.raw_src.payments | 52 rows 
2025-10-18 16:29:22,978 - INFO - Loaded 52 rows into saas-pipeline.raw_src.payments |Duration:  2.95 sec
2025-10-18 16:32:07,059 - INFO - Logging Initialized
2025-10-18 16:32:12,661 - INFO - Starting load for saas-pipeline.raw_src.customers | 5 rows 
2025-10-18 16:32:16,445 - INFO - Loaded 5 rows into saas-pipeline.raw_src.customers |Duration:  3.78 sec
2025-10-18 16:32:18,543 - INFO - Starting load for saas-pipeline.raw_src.subscriptions | 6 rows 
2025-10-18 16:32:21,573 - INFO - Loaded 6 rows into saas-pipeline.raw_src.subscriptions |Duration:  3.03 sec
2025-10-18 16:32:21,574 - INFO - Starting load for saas-pipeline.raw_src.subscription_discounts | 1 rows 
2025-10-18 16:32:23,803 - INFO - Loaded 1 rows into saas-pipeline.raw_src.subscription_discounts |Duration:  2.23 sec
2025-10-18 16:32:23,803 - INFO - Starting load for saas-pipeline.raw_src.invoices | 106 rows 
2025-10-18 16:32:27,278 - INFO - Loaded 106 rows into saas-pipeline.raw_src.invoices |Duration:  3.47 sec
2025-10-18 16:32:27,278 - INFO - Starting load for saas-pipeline.raw_src.line_items | 57 rows 
2025-10-18 16:32:30,371 - INFO - Loaded 57 rows into saas-pipeline.raw_src.line_items |Duration:  3.09 sec
2025-10-18 16:32:30,372 - INFO - Starting load for saas-pipeline.raw_src.payments | 61 rows 
2025-10-18 16:32:33,131 - INFO - Loaded 61 rows into saas-pipeline.raw_src.payments |Duration:  2.76 sec
2025-10-18 16:32:37,118 - INFO - Logging Initialized
2025-10-18 16:32:42,683 - INFO - Starting load for saas-pipeline.raw_src.customers | 5 rows 
2025-10-18 16:32:45,682 - INFO - Loaded 5 rows into saas-pipeline.raw_src.customers |Duration:  3.00 sec
2025-10-18 16:32:47,531 - INFO - Starting load for saas-pipeline.raw_src.subscriptions | 5 rows 
2025-10-18 16:32:50,138 - INFO - Loaded 5 rows into saas-pipeline.raw_src.subscriptions |Duration:  2.61 sec
2025-10-18 16:32:50,138 - INFO - Starting load for saas-pipeline.raw_src.subscription_discounts | 1 rows 
2025-10-18 16:32:54,372 - INFO - Loaded 1 rows into saas-pipeline.raw_src.subscription_discounts |Duration:  4.23 sec
2025-10-18 16:32:54,372 - INFO - Starting load for saas-pipeline.raw_src.invoices | 22 rows 
2025-10-18 16:32:56,866 - INFO - Loaded 22 rows into saas-pipeline.raw_src.invoices |Duration:  2.49 sec
2025-10-18 16:32:56,867 - INFO - Starting load for saas-pipeline.raw_src.line_items | 17 rows 
2025-10-18 16:32:59,400 - INFO - Loaded 17 rows into saas-pipeline.raw_src.line_items |Duration:  2.53 sec
2025-10-18 16:32:59,400 - INFO - Starting load for saas-pipeline.raw_src.payments | 21 rows 
2025-10-18 16:33:01,988 - INFO - Loaded 21 rows into saas-pipeline.raw_src.payments |Duration:  2.59 sec
